<?xml version="1.0" encoding="UTF-8"?>
<testng-results skipped="0" failed="0" ignored="0" total="2" passed="2">
  <reporter-output>
  </reporter-output>
  <suite name="Default suite" duration-ms="1594" started-at="2021-11-07T23:23:34 AEDT" finished-at="2021-11-07T23:23:36 AEDT">
    <groups>
    </groups>
    <test name="Default test" duration-ms="1594" started-at="2021-11-07T23:23:34 AEDT" finished-at="2021-11-07T23:23:36 AEDT">
      <class name="restBasicAuthenticationTest">
        <test-method status="PASS" signature="restBasicAuthenticationValidUserTest()[pri:0, instance:restBasicAuthenticationTest@612fc6eb]" name="restBasicAuthenticationValidUserTest" duration-ms="1444" started-at="2021-11-07T23:23:34 AEDT" finished-at="2021-11-07T23:23:35 AEDT">
          <reporter-output>
          </reporter-output>
        </test-method> <!-- restBasicAuthenticationValidUserTest -->
        <test-method status="PASS" signature="restBasicAuthenticationinvalidUserTest()[pri:0, instance:restBasicAuthenticationTest@612fc6eb]" name="restBasicAuthenticationinvalidUserTest" duration-ms="112" started-at="2021-11-07T23:23:35 AEDT" finished-at="2021-11-07T23:23:36 AEDT">
          <reporter-output>
          </reporter-output>
        </test-method> <!-- restBasicAuthenticationinvalidUserTest -->
      </class> <!-- restBasicAuthenticationTest -->
    </test> <!-- Default test -->
  </suite> <!-- Default suite -->
</testng-results>
